[03:53:21] [main/INFO]: Loading Minecraft 1.21.1 with Fabric Loader 0.16.3
[03:53:21] [main/INFO]: Loading 4 mods:
	- fabricloader 0.16.3
	   \-- mixinextras 0.4.1
	- java 21
	- minecraft 1.21.1
[03:53:21] [main/INFO]: SpongePowered MIXIN Subsystem Version=0.8.7 Source=file:/workspaces/MAINKRAFT/servidor_minecraft/libraries/net/fabricmc/sponge-mixin/0.15.2+mixin.0.8.7/sponge-mixin-0.15.2+mixin.0.8.7.jar Service=Knot/Fabric Env=SERVER
[03:53:27] [main/INFO]: Environment: Environment[sessionHost=https://sessionserver.mojang.com, servicesHost=https://api.minecraftservices.com, name=PROD]
[03:53:28] [main/INFO]: Loaded 1290 recipes
[03:53:29] [main/INFO]: Loaded 1399 advancements
[03:53:29] [Server thread/INFO]: Starting minecraft server version 1.21.1
[03:53:29] [Server thread/INFO]: Loading properties
[03:53:29] [Server thread/INFO]: Default game type: SURVIVAL
[03:53:29] [Server thread/INFO]: Generating keypair
[03:53:29] [Server thread/INFO]: Starting Minecraft server on *:25565
[03:53:29] [Server thread/INFO]: Using epoll channel type
[03:53:29] [Server thread/WARN]: **** SERVER IS RUNNING IN OFFLINE/INSECURE MODE!
[03:53:29] [Server thread/WARN]: The server will make no attempt to authenticate usernames. Beware.
[03:53:29] [Server thread/WARN]: While this makes the game possible to play without internet access, it also opens up the ability for hackers to connect with any username they choose.
[03:53:29] [Server thread/WARN]: To change this, set "online-mode" to "true" in the server.properties file.
[03:53:29] [Server thread/INFO]: Preparing level "world"
[03:53:32] [Server thread/INFO]: Preparing start region for dimension minecraft:overworld
[03:53:33] [Worker-Main-2/INFO]: Preparing spawn area: 0%
[03:53:33] [Server thread/INFO]: Time elapsed: 493 ms
[03:53:33] [Server thread/INFO]: Done (3.390s)! For help, type "help"
[03:54:24] [Server thread/INFO]: GoldDAsker[/127.152.25.93:46777] logged in with entity id 17 at (4.5, 116.0, -8.5)
[03:54:24] [Server thread/INFO]: GoldDAsker joined the game
[03:55:16] [Server thread/INFO]: GoldDAsker lost connection: Disconnected
[03:55:16] [Server thread/INFO]: GoldDAsker left the game
